Build started 9/19/2016 7:48:03 PM.
     1>Project "C:\Users\Maykol Burgos\documents\visual studio 2012\Projects\Proyecto1\Proyecto1\Proyecto1.vcxproj" on node 2 (Build target(s)).
     1>ClCompile:
         C:\Program Files (x86)\Microsoft Visual Studio 11.0\VC\bin\CL.exe /c /ZI /nologo /W3 /WX- /sdl /Od /Oy- /D _MBCS /Gm /EHsc /RTC1 /MDd /GS /fp:precise /Zc:wchar_t /Zc:forScope /Fo"Debug\\" /Fd"Debug\vc110.pdb" /Gd /TP /analyze- /errorReport:prompt main.cpp
         main.cpp
     1>c:\users\maykol burgos\documents\visual studio 2012\projects\proyecto1\proyecto1\main.cpp(18): warning C4309: 'inicializando' : truncamiento de valor constante
     1>c:\users\maykol burgos\documents\visual studio 2012\projects\proyecto1\proyecto1\main.cpp(20): warning C4309: '=' : truncamiento de valor constante
     1>c:\users\maykol burgos\documents\visual studio 2012\projects\proyecto1\proyecto1\main.cpp(23): warning C4309: '=' : truncamiento de valor constante
     1>c:\users\maykol burgos\documents\visual studio 2012\projects\proyecto1\proyecto1\main.cpp(25): warning C4309: '=' : truncamiento de valor constante
     1>c:\users\maykol burgos\documents\visual studio 2012\projects\proyecto1\proyecto1\main.cpp(31): warning C4309: '=' : truncamiento de valor constante
     1>c:\users\maykol burgos\documents\visual studio 2012\projects\proyecto1\proyecto1\main.cpp(33): warning C4309: '=' : truncamiento de valor constante
     1>c:\users\maykol burgos\documents\visual studio 2012\projects\proyecto1\proyecto1\main.cpp(36): warning C4309: '=' : truncamiento de valor constante
     1>c:\users\maykol burgos\documents\visual studio 2012\projects\proyecto1\proyecto1\main.cpp(39): warning C4309: '=' : truncamiento de valor constante
     1>c:\users\maykol burgos\documents\visual studio 2012\projects\proyecto1\proyecto1\main.cpp(45): warning C4309: '=' : truncamiento de valor constante
     1>c:\users\maykol burgos\documents\visual studio 2012\projects\proyecto1\proyecto1\main.cpp(51): warning C4309: '=' : truncamiento de valor constante
     1>c:\users\maykol burgos\documents\visual studio 2012\projects\proyecto1\proyecto1\main.cpp(58): warning C4309: '=' : truncamiento de valor constante
     1>c:\users\maykol burgos\documents\visual studio 2012\projects\proyecto1\proyecto1\main.cpp(60): warning C4309: '=' : truncamiento de valor constante
     1>c:\users\maykol burgos\documents\visual studio 2012\projects\proyecto1\proyecto1\main.cpp(63): warning C4309: '=' : truncamiento de valor constante
       Link:
         C:\Program Files (x86)\Microsoft Visual Studio 11.0\VC\bin\link.exe /ERRORREPORT:PROMPT /OUT:"C:\Users\Maykol Burgos\documents\visual studio 2012\Projects\Proyecto1\Debug\Proyecto1.exe" /INCREMENTAL /NOLOGO kernel32.lib user32.lib gdi32.lib winspool.lib comdlg32.lib advapi32.lib shell32.lib ole32.lib oleaut32.lib uuid.lib odbc32.lib odbccp32.lib /MANIFEST /MANIFESTUAC:"level='asInvoker' uiAccess='false'" /manifest:embed /DEBUG /PDB:"C:\Users\Maykol Burgos\documents\visual studio 2012\Projects\Proyecto1\Debug\Proyecto1.pdb" /TLBID:1 /DYNAMICBASE /NXCOMPAT /IMPLIB:"C:\Users\Maykol Burgos\documents\visual studio 2012\Projects\Proyecto1\Debug\Proyecto1.lib" /MACHINE:X86 Debug\Asiento.obj
         Debug\Asientos.obj
         Debug\Horario.obj
         Debug\ListaFuncion.obj
         Debug\NodoFuncion.obj
         Debug\Pelicula.obj
         Debug\ListaPelicula.obj
         Debug\main.obj
         Debug\NodoPelicula.obj
         Debug\Sala.obj
         Proyecto1.vcxproj -> C:\Users\Maykol Burgos\documents\visual studio 2012\Projects\Proyecto1\Debug\Proyecto1.exe
     1>Done Building Project "C:\Users\Maykol Burgos\documents\visual studio 2012\Projects\Proyecto1\Proyecto1\Proyecto1.vcxproj" (Build target(s)).

Build succeeded.

Time Elapsed 00:00:01.12
